  main.cpp
c:\users\srinivas11789\desktop\assignment4\cs6533---computer-graphics\assignment - 4\main.cpp(303): warning C4018: '<' : signed/unsigned mismatch
c:\users\srinivas11789\desktop\assignment4\cs6533---computer-graphics\assignment - 4\main.cpp(304): warning C4018: '<' : signed/unsigned mismatch
c:\users\srinivas11789\desktop\assignment4\cs6533---computer-graphics\assignment - 4\main.cpp(316): warning C4244: '=' : conversion from 'double' to 'float', possible loss of data
c:\users\srinivas11789\desktop\assignment4\cs6533---computer-graphics\assignment - 4\main.cpp(321): warning C4018: '<' : signed/unsigned mismatch
c:\users\srinivas11789\desktop\assignment4\cs6533---computer-graphics\assignment - 4\main.cpp(349): warning C4018: '<' : signed/unsigned mismatch
c:\users\srinivas11789\desktop\assignment4\cs6533---computer-graphics\assignment - 4\main.cpp(359): warning C4018: '<' : signed/unsigned mismatch
c:\users\srinivas11789\desktop\assignment4\cs6533---computer-graphics\assignment - 4\main.cpp(360): warning C4018: '<' : signed/unsigned mismatch
c:\users\srinivas11789\desktop\assignment4\cs6533---computer-graphics\assignment - 4\main.cpp(431): warning C4244: 'initializing' : conversion from 'int' to 'float', possible loss of data
c:\users\srinivas11789\desktop\assignment4\cs6533---computer-graphics\assignment - 4\main.cpp(470): warning C4244: 'argument' : conversion from 'double' to 'GLfloat', possible loss of data
c:\users\srinivas11789\desktop\assignment4\cs6533---computer-graphics\assignment - 4\main.cpp(473): warning C4244: 'argument' : conversion from 'double' to 'GLfloat', possible loss of data
c:\users\srinivas11789\desktop\assignment4\cs6533---computer-graphics\assignment - 4\main.cpp(476): warning C4244: 'argument' : conversion from 'double' to 'GLfloat', possible loss of data
c:\users\srinivas11789\desktop\assignment4\cs6533---computer-graphics\assignment - 4\main.cpp(542): warning C4244: 'argument' : conversion from 'double' to 'GLfloat', possible loss of data
c:\users\srinivas11789\desktop\assignment4\cs6533---computer-graphics\assignment - 4\main.cpp(545): warning C4244: 'argument' : conversion from 'double' to 'GLfloat', possible loss of data
c:\users\srinivas11789\desktop\assignment4\cs6533---computer-graphics\assignment - 4\main.cpp(548): warning C4244: 'argument' : conversion from 'double' to 'GLfloat', possible loss of data
c:\users\srinivas11789\desktop\assignment4\cs6533---computer-graphics\assignment - 4\main.cpp(665): warning C4244: 'initializing' : conversion from 'int' to 'float', possible loss of data
c:\users\srinivas11789\desktop\assignment4\cs6533---computer-graphics\assignment - 4\main.cpp(666): warning C4244: 'initializing' : conversion from 'int' to 'float', possible loss of data
c:\users\srinivas11789\desktop\assignment4\cs6533---computer-graphics\assignment - 4\main.cpp(667): warning C4244: 'initializing' : conversion from 'int' to 'float', possible loss of data
c:\users\srinivas11789\desktop\assignment4\cs6533---computer-graphics\assignment - 4\main.cpp(668): warning C4244: 'initializing' : conversion from 'int' to 'float', possible loss of data
c:\users\srinivas11789\desktop\assignment4\cs6533---computer-graphics\assignment - 4\geometrymaker.h(60): warning C4244: 'initializing' : conversion from 'double' to 'float', possible loss of data
          c:\users\srinivas11789\desktop\assignment4\cs6533---computer-graphics\assignment - 4\main.cpp(227) : see reference to function template instantiation 'void makeCube<std::_Vector_iterator<std::_Vector_val<std::_Simple_types<VertexPNTBTG>>>,std::_Vector_iterator<std::_Vector_val<std::_Simple_types<unsigned short>>>>(float,VtxOutIter,IdxOutIter)' being compiled
          with
          [
              VtxOutIter=std::_Vector_iterator<std::_Vector_val<std::_Simple_types<VertexPNTBTG>>>
  ,            IdxOutIter=std::_Vector_iterator<std::_Vector_val<std::_Simple_types<unsigned short>>>
          ]
c:\users\srinivas11789\desktop\assignment4\cs6533---computer-graphics\assignment - 4\geometrymaker.h(151): warning C4244: 'initializing' : conversion from 'double' to 'float', possible loss of data
          c:\users\srinivas11789\desktop\assignment4\cs6533---computer-graphics\assignment - 4\main.cpp(247) : see reference to function template instantiation 'void makeSphere<std::_Vector_iterator<std::_Vector_val<std::_Simple_types<VertexPNTBTG>>>,std::_Vector_iterator<std::_Vector_val<std::_Simple_types<unsigned short>>>>(float,int,int,VtxOutIter,IdxOutIter)' being compiled
          with
          [
              VtxOutIter=std::_Vector_iterator<std::_Vector_val<std::_Simple_types<VertexPNTBTG>>>
  ,            IdxOutIter=std::_Vector_iterator<std::_Vector_val<std::_Simple_types<unsigned short>>>
          ]
c:\users\srinivas11789\desktop\assignment4\cs6533---computer-graphics\assignment - 4\geometrymaker.h(152): warning C4244: 'initializing' : conversion from 'double' to 'float', possible loss of data
c:\users\srinivas11789\desktop\assignment4\cs6533---computer-graphics\assignment - 4\geometrymaker.h(153): warning C4244: 'initializing' : conversion from 'double' to 'float', possible loss of data
c:\users\srinivas11789\desktop\assignment4\cs6533---computer-graphics\assignment - 4\geometrymaker.h(156): warning C4244: 'argument' : conversion from 'double' to 'const float', possible loss of data
c:\users\srinivas11789\desktop\assignment4\cs6533---computer-graphics\assignment - 4\geometrymaker.h(164): warning C4244: 'argument' : conversion from 'double' to 'float', possible loss of data
c:\users\srinivas11789\desktop\assignment4\cs6533---computer-graphics\assignment - 4\geometrymaker.h(40): warning C4244: 'initializing' : conversion from 'double' to 'float', possible loss of data
          c:\users\srinivas11789\desktop\assignment4\cs6533---computer-graphics\assignment - 4\main.cpp(264) : see reference to function template instantiation 'void makePlane<std::_Vector_iterator<std::_Vector_val<std::_Simple_types<VertexPNTBTG>>>,std::_Vector_iterator<std::_Vector_val<std::_Simple_types<unsigned short>>>>(float,VtxOutIter,IdxOutIter)' being compiled
          with
          [
              VtxOutIter=std::_Vector_iterator<std::_Vector_val<std::_Simple_types<VertexPNTBTG>>>
  ,            IdxOutIter=std::_Vector_iterator<std::_Vector_val<std::_Simple_types<unsigned short>>>
          ]
  TemplateProject.vcxproj -> C:\Users\Srinivas11789\Desktop\Assignment4\CS6533---Computer-Graphics\Assignment - 4\Debug\TemplateProject.exe
